0 info it worked if it ends with ok
1 verbose cli [ '/Users/dasilvacontin/.nvm/versions/node/v6.0.0/bin/node',
1 verbose cli   '/Users/dasilvacontin/.nvm/versions/node/v6.0.0/bin/npm',
1 verbose cli   'run',
1 verbose cli   'start' ]
2 info using npm@3.8.6
3 info using node@v6.0.0
4 verbose run-script [ 'prestart', 'start', 'poststart' ]
5 info lifecycle openclass@0.0.0~prestart: openclass@0.0.0
6 silly lifecycle openclass@0.0.0~prestart: no script for prestart, continuing
7 info lifecycle openclass@0.0.0~start: openclass@0.0.0
8 verbose lifecycle openclass@0.0.0~start: unsafe-perm in lifecycle true
9 verbose lifecycle openclass@0.0.0~start: PATH: /Users/dasilvacontin/.nvm/versions/node/v6.0.0/lib/node_modules/npm/bin/node-gyp-bin:/Users/dasilvacontin/GitHub/dasilvacontin/openclass/node_modules/.bin:/Users/dasilvacontin/.nvm/versions/node/v6.0.0/bin:/Users/dasilvacontin/.rvm/gems/ruby-2.3.0/bin:/Users/dasilvacontin/.rvm/gems/ruby-2.3.0@global/bin:/Users/dasilvacontin/.rvm/rubies/ruby-2.3.0/bin:./node_modules/.bin:/Users/dasilvacontin/.nvm/versions/node/v6.0.0/bin:/usr/local/go/bin:/Users/dasilvacontin/go-workspace/bin:/usr/local/bin:/usr/bin:/bin:/usr/sbin:/sbin:/usr/local/bin:/usr/bin:/bin:/usr/sbin:/sbin:/opt/X11/bin:/usr/local/go/bin:/Users/dasilvacontin/.rvm/gems/ruby-2.3.0/bin:/Users/dasilvacontin/.rvm/gems/ruby-2.3.0@global/bin:/Users/dasilvacontin/.rvm/rubies/ruby-2.3.0/bin:./node_modules/.bin:/sw/bin:/sw/sbin:/Users/dasilvacontin/go-workspace/bin:/Users/dasilvacontin/.fzf/bin:/Users/dasilvacontin/.rvm/bin:/Users/dasilvacontin/.rvm/bin
10 verbose lifecycle openclass@0.0.0~start: CWD: /Users/dasilvacontin/GitHub/dasilvacontin/openclass
11 silly lifecycle openclass@0.0.0~start: Args: [ '-c', 'node server.js' ]
12 silly lifecycle openclass@0.0.0~start: Returned: code: 1  signal: null
13 info lifecycle openclass@0.0.0~start: Failed to exec start script
14 verbose stack Error: openclass@0.0.0 start: `node server.js`
14 verbose stack Exit status 1
14 verbose stack     at EventEmitter.<anonymous> (/Users/dasilvacontin/.nvm/versions/node/v6.0.0/lib/node_modules/npm/lib/utils/lifecycle.js:239:16)
14 verbose stack     at emitTwo (events.js:106:13)
14 verbose stack     at EventEmitter.emit (events.js:191:7)
14 verbose stack     at ChildProcess.<anonymous> (/Users/dasilvacontin/.nvm/versions/node/v6.0.0/lib/node_modules/npm/lib/utils/spawn.js:24:14)
14 verbose stack     at emitTwo (events.js:106:13)
14 verbose stack     at ChildProcess.emit (events.js:191:7)
14 verbose stack     at maybeClose (internal/child_process.js:850:16)
14 verbose stack     at Process.ChildProcess._handle.onexit (internal/child_process.js:215:5)
15 verbose pkgid openclass@0.0.0
16 verbose cwd /Users/dasilvacontin/GitHub/dasilvacontin/openclass
17 error Darwin 15.5.0
18 error argv "/Users/dasilvacontin/.nvm/versions/node/v6.0.0/bin/node" "/Users/dasilvacontin/.nvm/versions/node/v6.0.0/bin/npm" "run" "start"
19 error node v6.0.0
20 error npm  v3.8.6
21 error code ELIFECYCLE
22 error openclass@0.0.0 start: `node server.js`
22 error Exit status 1
23 error Failed at the openclass@0.0.0 start script 'node server.js'.
23 error Make sure you have the latest version of node.js and npm installed.
23 error If you do, this is most likely a problem with the openclass package,
23 error not with npm itself.
23 error Tell the author that this fails on your system:
23 error     node server.js
23 error You can get information on how to open an issue for this project with:
23 error     npm bugs openclass
23 error Or if that isn't available, you can get their info via:
23 error     npm owner ls openclass
23 error There is likely additional logging output above.
24 verbose exit [ 1, true ]
